2025-03-28 19:25:22,872 [ 1] INFO  Unity: LoadingManager start
2025-03-28 19:25:25,834 [ 1] INFO  Unity: DataManager > DataManager()
2025-03-28 19:25:29,571 [ 1] INFO  Unity: UserLoginRequest::user :222 psw:222
2025-03-28 19:25:29,572 [ 1] INFO  Unity: ConnectToServer() Start 
2025-03-28 19:25:29,575 [ 1] INFO  Unity: DoConnect
2025-03-28 19:25:29,576 [ 1] INFO  Unity: NetClient.DoConnect on 127.0.0.1:8000
2025-03-28 19:25:29,610 [ 1] INFO  Unity: Connect[0] to server 127.0.0.1:8000

2025-03-28 19:25:29,621 [ 1] INFO  Unity: LoadingMesager::OnGameServerConnect :0 reason:Success
2025-03-28 19:25:29,743 [ 1] INFO  Unity: OnLogin:Success [None]
2025-03-28 19:25:29,743 [ 1] INFO  Unity: 进入SceneManager
2025-03-28 19:25:29,744 [ 1] INFO  Unity: LoadLevel: CharSelect
2025-03-28 19:25:29,816 [ 1] INFO  Unity: LevelLoadCompleted:1
2025-03-28 19:25:36,972 [ 1] INFO  Unity: UserCreateCharacterRequest::name :啊实打实大大 class:Wizard
2025-03-28 19:25:37,057 [ 1] INFO  Unity: OnUserCreateCharacter:Success [None]
2025-03-28 19:25:37,961 [ 1] INFO  Unity: Select Char:[3啊实打实大大Wizard]
2025-03-28 19:25:38,608 [ 1] INFO  Unity: UserGameEnterRequest::characterId :1
2025-03-28 19:25:38,625 [ 1] INFO  Unity: OnGameEnter:Success [None]
2025-03-28 19:25:38,629 [ 1] INFO  Unity: ItemManager.Init[Id:1,Count:20]
2025-03-28 19:25:38,629 [ 1] INFO  Unity: ItemManager.Init[Id:2,Count:20]
2025-03-28 19:25:38,643 [ 1] INFO  Unity: OnMapCharacterEnter:Map:11
2025-03-28 19:25:38,644 [ 1] INFO  Unity: AddCharacter:3啊实打实大大 Map:1 Entity:(13:pos:(5000,4000,820),dir:(100,0,0),spd:0
2025-03-28 19:25:38,646 [ 1] INFO  Unity: 进入SceneManager
2025-03-28 19:25:38,646 [ 1] INFO  Unity: LoadLevel: MainCity
2025-03-28 19:25:38,742 [ 1] WARN  Unity: UIWorldElementManager[24212] Awake

2025-03-28 19:25:38,742 [ 1] WARN  Unity: GameObjectManager[24214] Awake

2025-03-28 19:25:38,747 [ 1] WARN  Unity: UIMain[24248] Awake

2025-03-28 19:25:38,748 [ 1] WARN  Unity: MainPlayerCamera[24252] Awake

2025-03-28 19:25:38,750 [ 1] INFO  Unity: LevelLoadCompleted:1
2025-03-28 19:25:40,913 [ 1] INFO  Unity: SendGuildListRequest
2025-03-28 19:25:43,477 [ 1] INFO  Unity: SendGuildJoinRequest
2025-03-28 19:26:04,766 [ 1] INFO  Unity: OnMapCharacterEnter:Map:11
2025-03-28 19:26:04,766 [ 1] INFO  Unity: AddCharacter:1212213 Map:1 Entity:(14:pos:(5000,4000,820),dir:(100,0,0),spd:0
2025-03-28 19:26:04,891 [ 1] INFO  Unity: SetPosition:(5000, 4048, 804)
2025-03-28 19:26:04,893 [ 1] INFO  Unity: MapEntityUpdateRequest :ID:13 POS:(5000,4048,804) DIR:(100,0,0) SPD:0
2025-03-28 19:26:06,458 [ 1] INFO  Unity: OnEntityChanged :ID:14 POS:(5000, 4000, 820) DIR:(98, -18, 0) SPD:0
2025-03-28 19:26:06,459 [ 1] INFO  Unity: MapEntityUpdateResponse: Entity1
    [14]evt:None entity:(14:pos:(5000,4000,820),dir:(98,-18,0),spd:0

2025-03-28 19:26:06,502 [ 1] INFO  Unity: OnEntityChanged :ID:14 POS:(5000, 4000, 820) DIR:(98, -18, 0) SPD:300
2025-03-28 19:26:06,504 [ 1] INFO  Unity: MapEntityUpdateResponse: Entity1
    [14]evt:MoveFwd entity:(14:pos:(5000,4000,820),dir:(98,-18,0),spd:300

2025-03-28 19:26:06,550 [ 1] INFO  Unity: OnEntityChanged :ID:14 POS:(5015, 3997, 820) DIR:(93, -36, 0) SPD:300
2025-03-28 19:26:06,550 [ 1] INFO  Unity: MapEntityUpdateResponse: Entity1
    [14]evt:None entity:(14:pos:(5015,3997,820),dir:(93,-36,0),spd:300

2025-03-28 19:26:06,659 [ 1] INFO  Unity: OnEntityChanged :ID:14 POS:(5045, 3985, 820) DIR:(84, -55, 0) SPD:300
2025-03-28 19:26:06,660 [ 1] INFO  Unity: MapEntityUpdateResponse: Entity1
    [14]evt:None entity:(14:pos:(5045,3985,820),dir:(84,-55,0),spd:300

2025-03-28 19:26:06,756 [ 1] INFO  Unity: OnEntityChanged :ID:14 POS:(5069, 3967, 820) DIR:(71, -71, 0) SPD:300
2025-03-28 19:26:06,756 [ 1] INFO  Unity: MapEntityUpdateResponse: Entity1
    [14]evt:None entity:(14:pos:(5069,3967,820),dir:(71,-71,0),spd:300

2025-03-28 19:26:06,835 [ 1] INFO  Unity: OnEntityChanged :ID:14 POS:(5089, 3947, 820) DIR:(57, -82, 0) SPD:300
2025-03-28 19:26:06,836 [ 1] INFO  Unity: MapEntityUpdateResponse: Entity1
    [14]evt:None entity:(14:pos:(5089,3947,820),dir:(57,-82,0),spd:300

2025-03-28 19:26:06,932 [ 1] INFO  Unity: OnEntityChanged :ID:14 POS:(5107, 3923, 820) DIR:(39, -92, 0) SPD:300
2025-03-28 19:26:06,933 [ 1] INFO  Unity: MapEntityUpdateResponse: Entity1
    [14]evt:None entity:(14:pos:(5107,3923,820),dir:(39,-92,0),spd:300

2025-03-28 19:26:07,047 [ 1] INFO  Unity: OnEntityChanged :ID:14 POS:(5121, 3888, 820) DIR:(21, -98, 0) SPD:300
2025-03-28 19:26:07,047 [ 1] INFO  Unity: MapEntityUpdateResponse: Entity1
    [14]evt:None entity:(14:pos:(5121,3888,820),dir:(21,-98,0),spd:300

2025-03-28 19:26:07,489 [ 1] INFO  Unity: OnEntityChanged :ID:14 POS:(5147, 3758, 820) DIR:(21, -98, 0) SPD:0
2025-03-28 19:26:07,490 [ 1] INFO  Unity: MapEntityUpdateResponse: Entity1
    [14]evt:Idle entity:(14:pos:(5147,3758,820),dir:(21,-98,0),spd:0

2025-03-28 19:26:14,063 [ 1] INFO  Unity: OnGuildJoinResponse: Success
2025-03-28 19:26:14,064 [ 1] INFO  Unity: OnGuild: Success 1:王城罗德尔
2025-03-28 19:26:17,376 [ 1] INFO  Unity: MoveForward
2025-03-28 19:26:17,376 [ 1] INFO  Unity: MapEntityUpdateRequest :ID:13 POS:(5000,4048,804) DIR:(100,0,0) SPD:300
2025-03-28 19:26:17,932 [ 1] INFO  Unity: SetDirection:(98, -19, 0)
2025-03-28 19:26:17,932 [ 1] INFO  Unity: MapEntityUpdateRequest :ID:13 POS:(5170,4048,804) DIR:(98,-19,0) SPD:300
2025-03-28 19:26:18,065 [ 1] INFO  Unity: SetDirection:(93, -36, 0)
2025-03-28 19:26:18,065 [ 1] INFO  Unity: MapEntityUpdateRequest :ID:13 POS:(5210,4040,804) DIR:(93,-36,0) SPD:300
2025-03-28 19:26:18,350 [ 1] INFO  Unity: Stop
2025-03-28 19:26:18,350 [ 1] INFO  Unity: MapEntityUpdateRequest :ID:13 POS:(5295,4006,804) DIR:(93,-36,0) SPD:0
2025-03-28 19:26:19,712 [ 1] INFO  Unity: SetDirection:(85, -53, 0)
2025-03-28 19:26:19,712 [ 1] INFO  Unity: MapEntityUpdateRequest :ID:13 POS:(5295,4006,804) DIR:(85,-53,0) SPD:0
2025-03-28 19:26:19,734 [ 1] INFO  Unity: MoveForward
2025-03-28 19:26:19,735 [ 1] INFO  Unity: MapEntityUpdateRequest :ID:13 POS:(5295,4006,804) DIR:(85,-53,0) SPD:300
2025-03-28 19:26:19,787 [ 1] INFO  Unity: SetDirection:(73, -68, 0)
2025-03-28 19:26:19,788 [ 1] INFO  Unity: MapEntityUpdateRequest :ID:13 POS:(5311,3994,804) DIR:(73,-68,0) SPD:300
2025-03-28 19:26:19,884 [ 1] INFO  Unity: SetDirection:(58, -82, 0)
2025-03-28 19:26:19,885 [ 1] INFO  Unity: MapEntityUpdateRequest :ID:13 POS:(5335,3976,804) DIR:(58,-82,0) SPD:300
2025-03-28 19:26:19,968 [ 1] INFO  Unity: SetDirection:(42, -91, 0)
2025-03-28 19:26:19,969 [ 1] INFO  Unity: MapEntityUpdateRequest :ID:13 POS:(5350,3956,804) DIR:(42,-91,0) SPD:300
2025-03-28 19:26:20,079 [ 1] INFO  Unity: SetDirection:(23, -97, 0)
2025-03-28 19:26:20,079 [ 1] INFO  Unity: MapEntityUpdateRequest :ID:13 POS:(5362,3926,804) DIR:(23,-97,0) SPD:300
2025-03-28 19:26:20,194 [ 1] INFO  Unity: SetDirection:(4, -100, 0)
2025-03-28 19:26:20,194 [ 1] INFO  Unity: MapEntityUpdateRequest :ID:13 POS:(5369,3891,804) DIR:(4,-100,0) SPD:300
2025-03-28 19:26:21,071 [ 1] INFO  Unity: SetDirection:(-14, -99, 0)
2025-03-28 19:26:21,072 [ 1] INFO  Unity: MapEntityUpdateRequest :ID:13 POS:(5369,3626,804) DIR:(-14,-99,0) SPD:300
2025-03-28 19:26:21,489 [ 1] INFO  Unity: Stop
2025-03-28 19:26:21,490 [ 1] INFO  Unity: MapEntityUpdateRequest :ID:13 POS:(5344,3501,804) DIR:(-14,-99,0) SPD:0
2025-03-28 19:26:22,240 [ 1] INFO  Unity: MoveForward
2025-03-28 19:26:22,240 [ 1] INFO  Unity: MapEntityUpdateRequest :ID:13 POS:(5344,3501,804) DIR:(-14,-99,0) SPD:300
2025-03-28 19:26:22,558 [ 1] INFO  Unity: SetDirection:(-32, -95, 0)
2025-03-28 19:26:22,558 [ 1] INFO  Unity: MapEntityUpdateRequest :ID:13 POS:(5325,3406,804) DIR:(-32,-95,0) SPD:300
2025-03-28 19:26:22,696 [ 1] INFO  Unity: SetDirection:(-48, -87, 0)
2025-03-28 19:26:22,696 [ 1] INFO  Unity: MapEntityUpdateRequest :ID:13 POS:(5309,3366,804) DIR:(-48,-87,0) SPD:300
2025-03-28 19:26:23,106 [ 1] INFO  Unity: Stop
2025-03-28 19:26:23,106 [ 1] INFO  Unity: MapEntityUpdateRequest :ID:13 POS:(5259,3266,804) DIR:(-48,-87,0) SPD:0
2025-03-28 19:26:32,859 [ 1] INFO  Unity: OnMapCharacterLeave: CharID:14
2025-03-28 19:26:32,859 [ 1] INFO  Unity: RemoveCharacter:14
2025-03-28 19:26:32,862 [ 1] INFO  Unity: Character_1_212213 OnDestroy :ID:14 POS:(5147, 3758, 820) DIR:(21, -98, 0) SPD:0 
2025-03-28 19:26:34,384 [ 1] INFO  Unity: OnMapCharacterEnter:Map:11
2025-03-28 19:26:34,385 [ 1] INFO  Unity: AddCharacter:1212213 Map:1 Entity:(15:pos:(5000,4000,820),dir:(100,0,0),spd:0
2025-03-28 19:26:35,615 [ 1] INFO  Unity: OnEntityChanged :ID:15 POS:(5000, 4000, 820) DIR:(100, 0, 0) SPD:300
2025-03-28 19:26:35,615 [ 1] INFO  Unity: MapEntityUpdateResponse: Entity1
    [15]evt:MoveFwd entity:(15:pos:(5000,4000,820),dir:(100,0,0),spd:300

2025-03-28 19:26:35,750 [ 1] INFO  Unity: OnEntityChanged :ID:15 POS:(5045, 4000, 820) DIR:(98, -19, 0) SPD:300
2025-03-28 19:26:35,751 [ 1] INFO  Unity: MapEntityUpdateResponse: Entity1
    [15]evt:None entity:(15:pos:(5045,4000,820),dir:(98,-19,0),spd:300

2025-03-28 19:26:35,850 [ 1] INFO  Unity: OnEntityChanged :ID:15 POS:(5075, 3994, 820) DIR:(93, -37, 0) SPD:300
2025-03-28 19:26:35,852 [ 1] INFO  Unity: MapEntityUpdateResponse: Entity1
    [15]evt:None entity:(15:pos:(5075,3994,820),dir:(93,-37,0),spd:300

2025-03-28 19:26:35,950 [ 1] INFO  Unity: OnEntityChanged :ID:15 POS:(5105, 3982, 820) DIR:(84, -55, 0) SPD:300
2025-03-28 19:26:35,951 [ 1] INFO  Unity: MapEntityUpdateResponse: Entity1
    [15]evt:None entity:(15:pos:(5105,3982,820),dir:(84,-55,0),spd:300

2025-03-28 19:26:36,060 [ 1] INFO  Unity: OnEntityChanged :ID:15 POS:(5129, 3964, 820) DIR:(72, -70, 0) SPD:300
2025-03-28 19:26:36,061 [ 1] INFO  Unity: MapEntityUpdateResponse: Entity1
    [15]evt:None entity:(15:pos:(5129,3964,820),dir:(72,-70,0),spd:300

2025-03-28 19:26:36,129 [ 1] INFO  Unity: OnEntityChanged :ID:15 POS:(5149, 3944, 820) DIR:(58, -81, 0) SPD:300
2025-03-28 19:26:36,129 [ 1] INFO  Unity: MapEntityUpdateResponse: Entity1
    [15]evt:None entity:(15:pos:(5149,3944,820),dir:(58,-81,0),spd:300

2025-03-28 19:26:36,233 [ 1] INFO  Unity: OnEntityChanged :ID:15 POS:(5167, 3920, 820) DIR:(42, -91, 0) SPD:300
2025-03-28 19:26:36,233 [ 1] INFO  Unity: MapEntityUpdateResponse: Entity1
    [15]evt:None entity:(15:pos:(5167,3920,820),dir:(42,-91,0),spd:300

2025-03-28 19:26:36,377 [ 1] INFO  Unity: OnEntityChanged :ID:15 POS:(5181, 3885, 820) DIR:(42, -91, 0) SPD:0
2025-03-28 19:26:36,377 [ 1] INFO  Unity: MapEntityUpdateResponse: Entity1
    [15]evt:Idle entity:(15:pos:(5181,3885,820),dir:(42,-91,0),spd:0

2025-03-28 19:26:36,462 [ 1] INFO  Unity: OnEntityChanged :ID:15 POS:(5181, 3885, 820) DIR:(25, -97, 0) SPD:0
2025-03-28 19:26:36,462 [ 1] INFO  Unity: MapEntityUpdateResponse: Entity1
    [15]evt:None entity:(15:pos:(5181,3885,820),dir:(25,-97,0),spd:0

2025-03-28 19:28:14,988 [ 1] INFO  Unity: OnGuild: Success 1:王城罗德尔
2025-03-28 19:28:14,988 [ 1] INFO  Unity: OnGuildAdmin: SkillBridge.Message.GuildAdminRequest,Success
2025-03-28 19:28:20,576 [ 1] INFO  Unity: SendGuildListRequest
2025-03-28 19:28:37,968 [ 1] INFO  Unity: OnGuild: Success 1:王城罗德尔
2025-03-28 19:28:37,968 [ 1] INFO  Unity: OnGuildAdmin: SkillBridge.Message.GuildAdminRequest,Success
2025-03-28 19:28:48,736 [ 1] INFO  Unity: OnGuild: Success 1:王城罗德尔
2025-03-28 19:28:48,736 [ 1] INFO  Unity: OnGuildAdmin: SkillBridge.Message.GuildAdminRequest,Success
2025-03-28 19:29:01,135 [ 1] INFO  Unity: SendAdminCommand
2025-03-28 19:29:01,152 [ 1] INFO  Unity: OnGuild: Success 1:王城罗德尔
2025-03-28 19:29:01,153 [ 1] INFO  Unity: OnGuildAdmin: SkillBridge.Message.GuildAdminRequest,Success
2025-03-28 19:29:07,624 [ 1] INFO  Unity: OnMapCharacterLeave: CharID:15
2025-03-28 19:29:07,625 [ 1] INFO  Unity: RemoveCharacter:15
2025-03-28 19:29:07,625 [ 1] INFO  Unity: Character_1_212213 OnDestroy :ID:15 POS:(5181, 3885, 820) DIR:(25, -97, 0) SPD:0 
2025-03-28 19:29:09,154 [ 1] INFO  Unity: Character_3_啊实打实大大 OnDestroy :ID:13 POS:(5259, 3266, 804) DIR:(-48, -87, 0) SPD:0 
2025-03-28 19:29:09,157 [ 1] INFO  Unity: OnDestroy NetworkManager.
2025-03-28 19:29:09,159 [ 1] WARN  Unity: CloseConnection(), errorCode: 1007

